<?xml version="1.0" encoding="UTF-8"?>
<!-- Generated by org.testng.reporters.JUnitReportReporter -->
<testsuite hostname="DESKTOP-KSIL12O" failures="0" tests="2" name="RegisterTest.RegisterUserTest" time="9.403" errors="0" timestamp="2024-07-02T15:50:26 IST" skipped="0">
  <testcase classname="RegisterTest.RegisterUserTest" name="registeruser2test" time="4.871"/>
  <testcase classname="RegisterTest.RegisterUserTest" name="reistertest" time="4.532"/>
</testsuite> <!-- RegisterTest.RegisterUserTest -->
